<?xml version="1.0" encoding="UTF-8"?>
<!-- Generated by org.testng.reporters.JUnitXMLReporter -->
<testsuite ignored="0" hostname="AKM_Laptop" failures="0" tests="3" name="Test" time="0.01" errors="0" timestamp="2024-01-22T14:47:02 EST">
  <testcase classname="com.automation.Oct29_TestNG_SuiteFiles_Regression_Suite.Regression_Search_Product" name="regressionSearchProductValidation" time="0.001"/>
  <testcase classname="com.automation.Oct29_TestNG_SuiteFiles_Regression_Suite.Regression_Login_Test" name="regressionLoginValidation" time="0.001"/>
  <testcase classname="com.automation.Oct29_TestNG_SuiteFiles_Regression_Suite.Regression_Register_Test" name="regressionRegistrationValidation" time="0.001"/>
</testsuite> <!-- Test -->
