<?xml version="1.0" encoding="UTF-8"?>
<!-- Generated by org.testng.reporters.JUnitXMLReporter -->
<testsuite ignored="2" hostname="AKM_Laptop" failures="0" tests="1" name="Default test" time="14.716" errors="0" timestamp="2024-01-25T13:37:37 EST">
  <testcase classname="com.automation.Nov12_Webtables.RediffWebTable_Assignment" name="assignment3" time="14.679"/>
  <testcase classname="com.automation.Nov12_Webtables.RediffWebTable_Assignment" name="assignment1" time="0.0">
    <ignored/>
  </testcase> <!-- assignment1 -->
  <testcase classname="com.automation.Nov12_Webtables.RediffWebTable_Assignment" name="assignment2" time="0.0">
    <ignored/>
  </testcase> <!-- assignment2 -->
</testsuite> <!-- Default test -->
