<?xml version="1.0" encoding="UTF-8"?>
<!-- Generated by org.testng.reporters.JUnitXMLReporter -->
<testsuite ignored="0" hostname="AKM_Laptop" failures="0" tests="3" name="Test" time="0.047" errors="0" timestamp="2024-01-22T14:47:01 EST">
  <testcase classname="com.automation.Oct29_TestNG_SuiteFiles_Smoke_Suite.Smoke_Register_Test" name="smokeRegisterValidation" time="0.007"/>
  <testcase classname="com.automation.Oct29_TestNG_SuiteFiles_Smoke_Suite.Smoke_Login_Test" name="smokeLoginValidation" time="0.001"/>
  <testcase classname="com.automation.Oct29_TestNG_SuiteFiles_Smoke_Suite.Smoke_Search_Product" name="smokeSearchProductValidation" time="0.002"/>
</testsuite> <!-- Test -->
