<?xml version="1.0" encoding="UTF-8"?>
<!-- Generated by org.testng.reporters.JUnitXMLReporter -->
<testsuite ignored="2" hostname="AKM_Laptop" failures="0" tests="9" name="TutorialsNinja Test" time="43.499" errors="0" timestamp="2024-01-19T15:19:38 EST">
  <testcase classname="com.automation.Oct15_TestNG_testing.xml.Register_Test" name="verifyRegisterWithAllFields" time="1.307"/>
  <testcase classname="com.automation.Oct15_TestNG_testing.xml.Register_Test" name="verifyRegisterWithExistingEmail" time="0.761"/>
  <testcase classname="com.automation.Oct15_TestNG_testing.xml.Register_Test" name="verifyRegisterWithMandatoryFields" time="1.1"/>
  <testcase classname="com.automation.Oct15_TestNG_testing.xml.Login_Test" name="verifyLoginWithValidCredentials" time="0.953"/>
  <testcase classname="com.automation.Oct15_TestNG_testing.xml.Login_Test" name="verifyLoginWithInvalidCrendentials" time="0.582"/>
  <testcase classname="com.automation.Oct15_TestNG_testing.xml.Login_Test" name="verifyLoginWithInvalidEmail" time="0.605"/>
  <testcase classname="com.automation.Oct15_TestNG_testing.xml.Search_ProductTest" name="verifyValidProduct" time="0.601"/>
  <testcase classname="com.automation.Oct15_TestNG_testing.xml.Search_ProductTest" name="verifyInvalidProduct" time="0.588"/>
  <testcase classname="com.automation.Oct15_TestNG_testing.xml.Search_ProductTest" name="verifyNoProduct" time="0.593"/>
  <testcase classname="com.automation.Oct15_TestNG_testing.xml.Login_Test" name="verifyLoginWithNoCredentials" time="0.0">
    <ignored/>
  </testcase> <!-- verifyLoginWithNoCredentials -->
  <testcase classname="com.automation.Oct15_TestNG_testing.xml.Login_Test" name="verifyLoginWithInvalidPassword" time="0.0">
    <ignored/>
  </testcase> <!-- verifyLoginWithInvalidPassword -->
</testsuite> <!-- TutorialsNinja Test -->
