<?xml version="1.0" encoding="UTF-8"?>
<!-- Generated by org.testng.reporters.JUnitXMLReporter -->
<testsuite ignored="0" hostname="AKM_Laptop" failures="0" tests="3" name="Test" time="0.008" errors="0" timestamp="2024-01-22T14:47:02 EST">
  <testcase classname="com.automation.Oct29_TestNG_SuiteFiles_Sanity_Suite.Sanity_Register_Test" name="sanityRegistrationValidation" time="0.001"/>
  <testcase classname="com.automation.Oct29_TestNG_SuiteFiles_Sanity_Suite.Sanity_Search_Product" name="sanityRegisterValidation" time="0.001"/>
  <testcase classname="com.automation.Oct29_TestNG_SuiteFiles_Sanity_Suite.Sanity_Login_Test" name="sanityLoginValidation" time="0.0"/>
</testsuite> <!-- Test -->
