<?xml version="1.0" encoding="UTF-8"?>
<testng-results ignored="0" total="1" passed="1" failed="0" skipped="0">
  <reporter-output>
  </reporter-output>
  <suite started-at="2024-01-25T13:37:22 EST" name="Default suite" finished-at="2024-01-25T13:37:37 EST" duration-ms="14716">
    <groups>
    </groups>
    <test started-at="2024-01-25T13:37:22 EST" name="Default test" finished-at="2024-01-25T13:37:37 EST" duration-ms="14716">
      <class name="com.automation.Nov12_Webtables.RediffWebTable_Assignment">
        <test-method signature="assignment3()[pri:0, instance:com.automation.Nov12_Webtables.RediffWebTable_Assignment@a38c7fe]" started-at="2024-01-25T13:37:22 EST" name="assignment3" finished-at="2024-01-25T13:37:37 EST" duration-ms="14679" status="PASS">
          <reporter-output>
          </reporter-output>
        </test-method> <!-- assignment3 -->
      </class> <!-- com.automation.Nov12_Webtables.RediffWebTable_Assignment -->
    </test> <!-- Default test -->
  </suite> <!-- Default suite -->
</testng-results>
